<?xml version="1.0" encoding="UTF-8"?>
<!-- Generated by org.testng.reporters.JUnitReportReporter -->
<testsuite hostname="LD-DiptiRanjan" failures="0" tests="1" name="Test.Test_class" time="5.103" errors="0" timestamp="2023-07-10T12:29:11 IST" skipped="0">
  <testcase classname="Test.Test_class" name="assertion" time="5.103"/>
  <system-out>
    <![CDATA[Epic sadface: Username and password do not match any user in this service]]>
  </system-out>
</testsuite> <!-- Test.Test_class -->
